07 Apr 2022,Thu 12:31:41 statis.py[line:26 ] INFO afrsil1: 114
07 Apr 2022,Thu 12:31:41 statis.py[line:26 ] INFO akekee: 71
07 Apr 2022,Thu 12:31:41 statis.py[line:26 ] INFO akepa1: 227
07 Apr 2022,Thu 12:31:41 statis.py[line:26 ] INFO akiapo: 163
07 Apr 2022,Thu 12:31:41 statis.py[line:26 ] INFO akikik: 22
07 Apr 2022,Thu 12:31:42 statis.py[line:26 ] INFO amewig: 304
07 Apr 2022,Thu 12:31:42 statis.py[line:26 ] INFO aniani: 97
07 Apr 2022,Thu 12:31:42 statis.py[line:26 ] INFO apapan: 426
07 Apr 2022,Thu 12:31:43 statis.py[line:26 ] INFO arcter: 1384
07 Apr 2022,Thu 12:31:43 statis.py[line:26 ] INFO barpet: 213
07 Apr 2022,Thu 12:31:43 statis.py[line:26 ] INFO bcnher: 1659
07 Apr 2022,Thu 12:31:44 statis.py[line:26 ] INFO belkin1: 762
07 Apr 2022,Thu 12:31:44 statis.py[line:26 ] INFO bkbplo: 836
07 Apr 2022,Thu 12:31:44 statis.py[line:26 ] INFO bknsti: 1355
07 Apr 2022,Thu 12:31:44 statis.py[line:26 ] INFO bkwpet: 120
07 Apr 2022,Thu 12:31:44 statis.py[line:26 ] INFO blkfra: 424
07 Apr 2022,Thu 12:31:44 statis.py[line:26 ] INFO blknod: 111
07 Apr 2022,Thu 12:31:44 statis.py[line:26 ] INFO bongul: 470
07 Apr 2022,Thu 12:31:44 statis.py[line:26 ] INFO brant: 717
07 Apr 2022,Thu 12:31:44 statis.py[line:26 ] INFO brnboo: 102
07 Apr 2022,Thu 12:31:44 statis.py[line:26 ] INFO brnnod: 66
07 Apr 2022,Thu 12:31:45 statis.py[line:26 ] INFO brnowl: 3387
07 Apr 2022,Thu 12:31:45 statis.py[line:26 ] INFO brtcur: 111
07 Apr 2022,Thu 12:31:45 statis.py[line:26 ] INFO bubsan: 10
07 Apr 2022,Thu 12:31:45 statis.py[line:26 ] INFO buffle: 112
07 Apr 2022,Thu 12:31:45 statis.py[line:26 ] INFO bulpet: 70
07 Apr 2022,Thu 12:31:45 statis.py[line:26 ] INFO burpar: 146
07 Apr 2022,Thu 12:31:45 statis.py[line:26 ] INFO buwtea: 300
07 Apr 2022,Thu 12:31:45 statis.py[line:26 ] INFO cacgoo1: 386
07 Apr 2022,Thu 12:31:47 statis.py[line:26 ] INFO calqua: 1737
07 Apr 2022,Thu 12:31:49 statis.py[line:26 ] INFO cangoo: 2474
07 Apr 2022,Thu 12:31:49 statis.py[line:26 ] INFO canvas: 119
07 Apr 2022,Thu 12:31:51 statis.py[line:26 ] INFO caster1: 976
07 Apr 2022,Thu 12:31:52 statis.py[line:26 ] INFO categr: 1209
07 Apr 2022,Thu 12:31:52 statis.py[line:26 ] INFO chbsan: 72
07 Apr 2022,Thu 12:31:52 statis.py[line:26 ] INFO chemun: 36
07 Apr 2022,Thu 12:31:52 statis.py[line:26 ] INFO chukar: 289
07 Apr 2022,Thu 12:31:52 statis.py[line:26 ] INFO cintea: 117
07 Apr 2022,Thu 12:31:54 statis.py[line:26 ] INFO comgal1: 1284
07 Apr 2022,Thu 12:32:05 statis.py[line:26 ] INFO commyn: 3991
07 Apr 2022,Thu 12:32:05 statis.py[line:26 ] INFO compea: 282
07 Apr 2022,Thu 12:32:11 statis.py[line:26 ] INFO comsan: 2314
07 Apr 2022,Thu 12:32:14 statis.py[line:26 ] INFO comwax: 1534
07 Apr 2022,Thu 12:32:14 statis.py[line:26 ] INFO coopet: 7
07 Apr 2022,Thu 12:32:14 statis.py[line:26 ] INFO crehon: 25
07 Apr 2022,Thu 12:32:19 statis.py[line:26 ] INFO dunlin: 1856
07 Apr 2022,Thu 12:32:19 statis.py[line:26 ] INFO elepai: 146
07 Apr 2022,Thu 12:32:19 statis.py[line:26 ] INFO ercfra: 19
07 Apr 2022,Thu 12:32:21 statis.py[line:26 ] INFO eurwig: 1252
07 Apr 2022,Thu 12:32:22 statis.py[line:26 ] INFO fragul: 215
07 Apr 2022,Thu 12:32:23 statis.py[line:26 ] INFO gadwal: 1046
07 Apr 2022,Thu 12:32:24 statis.py[line:26 ] INFO gamqua: 1917
07 Apr 2022,Thu 12:32:24 statis.py[line:26 ] INFO glwgul: 318
07 Apr 2022,Thu 12:32:26 statis.py[line:26 ] INFO gnwtea: 1770
07 Apr 2022,Thu 12:32:26 statis.py[line:26 ] INFO golphe: 99
07 Apr 2022,Thu 12:32:27 statis.py[line:26 ] INFO grbher3: 639
07 Apr 2022,Thu 12:32:27 statis.py[line:26 ] INFO grefri: 142
07 Apr 2022,Thu 12:32:27 statis.py[line:26 ] INFO gresca: 151
07 Apr 2022,Thu 12:32:28 statis.py[line:26 ] INFO gryfra: 221
07 Apr 2022,Thu 12:32:29 statis.py[line:26 ] INFO gwfgoo: 1318
07 Apr 2022,Thu 12:32:30 statis.py[line:26 ] INFO hawama: 164
07 Apr 2022,Thu 12:32:30 statis.py[line:26 ] INFO hawcoo: 67
07 Apr 2022,Thu 12:32:30 statis.py[line:26 ] INFO hawcre: 433
07 Apr 2022,Thu 12:32:30 statis.py[line:26 ] INFO hawgoo: 52
07 Apr 2022,Thu 12:32:30 statis.py[line:26 ] INFO hawhaw: 57
07 Apr 2022,Thu 12:32:30 statis.py[line:26 ] INFO hawpet1: 35
07 Apr 2022,Thu 12:32:30 statis.py[line:26 ] INFO hoomer: 184
07 Apr 2022,Thu 12:32:33 statis.py[line:26 ] INFO houfin: 3149
07 Apr 2022,Thu 12:32:40 statis.py[line:26 ] INFO houspa: 7202
07 Apr 2022,Thu 12:32:40 statis.py[line:26 ] INFO hudgod: 51
07 Apr 2022,Thu 12:32:40 statis.py[line:26 ] INFO iiwi: 460
07 Apr 2022,Thu 12:32:40 statis.py[line:26 ] INFO incter1: 91
07 Apr 2022,Thu 12:32:40 statis.py[line:26 ] INFO jabwar: 690
07 Apr 2022,Thu 12:32:40 statis.py[line:26 ] INFO japqua: 342
07 Apr 2022,Thu 12:32:40 statis.py[line:26 ] INFO kalphe: 138
07 Apr 2022,Thu 12:32:40 statis.py[line:26 ] INFO kauama: 59
07 Apr 2022,Thu 12:32:40 statis.py[line:26 ] INFO laugul: 500
07 Apr 2022,Thu 12:32:40 statis.py[line:26 ] INFO layalb: 9
07 Apr 2022,Thu 12:32:41 statis.py[line:26 ] INFO lcspet: 204
07 Apr 2022,Thu 12:32:41 statis.py[line:26 ] INFO leasan: 394
07 Apr 2022,Thu 12:32:41 statis.py[line:26 ] INFO leater1: 601
07 Apr 2022,Thu 12:32:41 statis.py[line:26 ] INFO lessca: 38
07 Apr 2022,Thu 12:32:41 statis.py[line:26 ] INFO lesyel: 767
07 Apr 2022,Thu 12:32:41 statis.py[line:26 ] INFO lobdow: 483
07 Apr 2022,Thu 12:32:41 statis.py[line:26 ] INFO lotjae: 367
07 Apr 2022,Thu 12:32:41 statis.py[line:26 ] INFO madpet: 122
07 Apr 2022,Thu 12:32:41 statis.py[line:26 ] INFO magpet1: 401
07 Apr 2022,Thu 12:32:41 statis.py[line:26 ] INFO mallar3: 2862
07 Apr 2022,Thu 12:32:41 statis.py[line:26 ] INFO masboo: 146
07 Apr 2022,Thu 12:32:41 statis.py[line:26 ] INFO mauala: 19
07 Apr 2022,Thu 12:32:41 statis.py[line:26 ] INFO maupar: 51
07 Apr 2022,Thu 12:32:41 statis.py[line:26 ] INFO merlin: 601
07 Apr 2022,Thu 12:32:41 statis.py[line:26 ] INFO mitpar: 609
07 Apr 2022,Thu 12:32:41 statis.py[line:26 ] INFO moudov: 1228
07 Apr 2022,Thu 12:32:41 statis.py[line:26 ] INFO norcar: 5738
07 Apr 2022,Thu 12:32:41 statis.py[line:26 ] INFO norhar2: 265
07 Apr 2022,Thu 12:32:41 statis.py[line:26 ] INFO normoc: 9932
07 Apr 2022,Thu 12:32:41 statis.py[line:26 ] INFO norpin: 376
07 Apr 2022,Thu 12:32:41 statis.py[line:26 ] INFO norsho: 581
07 Apr 2022,Thu 12:32:41 statis.py[line:26 ] INFO nutman: 381
07 Apr 2022,Thu 12:32:41 statis.py[line:26 ] INFO oahama: 73
07 Apr 2022,Thu 12:32:42 statis.py[line:26 ] INFO omao: 249
07 Apr 2022,Thu 12:32:42 statis.py[line:26 ] INFO osprey: 1580
07 Apr 2022,Thu 12:32:42 statis.py[line:26 ] INFO pagplo: 257
07 Apr 2022,Thu 12:32:42 statis.py[line:26 ] INFO palila: 51
07 Apr 2022,Thu 12:32:42 statis.py[line:26 ] INFO parjae: 396
07 Apr 2022,Thu 12:32:42 statis.py[line:26 ] INFO pecsan: 330
07 Apr 2022,Thu 12:32:42 statis.py[line:26 ] INFO peflov: 502
07 Apr 2022,Thu 12:32:42 statis.py[line:26 ] INFO perfal: 1191
07 Apr 2022,Thu 12:32:42 statis.py[line:26 ] INFO pibgre: 1734
07 Apr 2022,Thu 12:32:42 statis.py[line:26 ] INFO pomjae: 58
07 Apr 2022,Thu 12:32:42 statis.py[line:26 ] INFO puaioh: 10
07 Apr 2022,Thu 12:32:42 statis.py[line:26 ] INFO reccar: 318
07 Apr 2022,Thu 12:32:43 statis.py[line:26 ] INFO redava: 317
07 Apr 2022,Thu 12:32:43 statis.py[line:26 ] INFO redjun: 663
07 Apr 2022,Thu 12:32:44 statis.py[line:26 ] INFO redpha1: 376
07 Apr 2022,Thu 12:32:45 statis.py[line:26 ] INFO refboo: 230
07 Apr 2022,Thu 12:32:45 statis.py[line:26 ] INFO rempar: 296
07 Apr 2022,Thu 12:32:45 statis.py[line:26 ] INFO rettro: 291
07 Apr 2022,Thu 12:32:45 statis.py[line:26 ] INFO ribgul: 446
07 Apr 2022,Thu 12:32:45 statis.py[line:26 ] INFO rinduc: 164
07 Apr 2022,Thu 12:32:45 statis.py[line:26 ] INFO rinphe: 1520
07 Apr 2022,Thu 12:32:45 statis.py[line:26 ] INFO rocpig: 931
07 Apr 2022,Thu 12:32:45 statis.py[line:26 ] INFO rorpar: 2309
07 Apr 2022,Thu 12:32:45 statis.py[line:26 ] INFO rudtur: 949
07 Apr 2022,Thu 12:32:45 statis.py[line:26 ] INFO ruff: 143
07 Apr 2022,Thu 12:32:45 statis.py[line:26 ] INFO saffin: 1228
07 Apr 2022,Thu 12:32:45 statis.py[line:26 ] INFO sander: 361
07 Apr 2022,Thu 12:32:45 statis.py[line:26 ] INFO semplo: 433
07 Apr 2022,Thu 12:32:45 statis.py[line:26 ] INFO sheowl: 778
07 Apr 2022,Thu 12:32:45 statis.py[line:26 ] INFO shtsan: 7
07 Apr 2022,Thu 12:32:45 statis.py[line:26 ] INFO skylar: 5070
07 Apr 2022,Thu 12:32:45 statis.py[line:26 ] INFO snogoo: 1221
07 Apr 2022,Thu 12:32:45 statis.py[line:26 ] INFO sooshe: 132
07 Apr 2022,Thu 12:32:45 statis.py[line:26 ] INFO sooter1: 109
07 Apr 2022,Thu 12:32:45 statis.py[line:26 ] INFO sopsku1: 51
07 Apr 2022,Thu 12:32:45 statis.py[line:26 ] INFO sora: 1185
07 Apr 2022,Thu 12:32:45 statis.py[line:26 ] INFO spodov: 478
07 Apr 2022,Thu 12:32:45 statis.py[line:26 ] INFO sposan: 649
07 Apr 2022,Thu 12:32:45 statis.py[line:26 ] INFO towsol: 1122
07 Apr 2022,Thu 12:32:45 statis.py[line:26 ] INFO wantat1: 87
07 Apr 2022,Thu 12:32:45 statis.py[line:26 ] INFO warwhe1: 455
07 Apr 2022,Thu 12:32:45 statis.py[line:26 ] INFO wesmea: 3649
07 Apr 2022,Thu 12:32:45 statis.py[line:26 ] INFO wessan: 264
07 Apr 2022,Thu 12:32:45 statis.py[line:26 ] INFO wetshe: 237
07 Apr 2022,Thu 12:32:45 statis.py[line:26 ] INFO whfibi: 242
07 Apr 2022,Thu 12:32:45 statis.py[line:26 ] INFO whiter: 152
07 Apr 2022,Thu 12:32:45 statis.py[line:26 ] INFO whttro: 125
07 Apr 2022,Thu 12:32:45 statis.py[line:26 ] INFO wiltur: 884
07 Apr 2022,Thu 12:32:45 statis.py[line:26 ] INFO yebcar: 93
07 Apr 2022,Thu 12:32:45 statis.py[line:26 ] INFO yefcan: 448
07 Apr 2022,Thu 12:32:45 statis.py[line:26 ] INFO zebdov: 496
