07 Apr 2022,Thu 11:41:05 statis.py[line:26 ] INFO afrsil1: 114
07 Apr 2022,Thu 11:41:05 statis.py[line:26 ] INFO akekee: 71
07 Apr 2022,Thu 11:41:06 statis.py[line:26 ] INFO akepa1: 227
07 Apr 2022,Thu 11:41:06 statis.py[line:26 ] INFO akiapo: 163
07 Apr 2022,Thu 11:41:06 statis.py[line:26 ] INFO akikik: 22
07 Apr 2022,Thu 11:41:07 statis.py[line:26 ] INFO amewig: 304
07 Apr 2022,Thu 11:41:07 statis.py[line:26 ] INFO aniani: 97
07 Apr 2022,Thu 11:41:08 statis.py[line:26 ] INFO apapan: 553
07 Apr 2022,Thu 11:41:13 statis.py[line:26 ] INFO arcter: 1600
07 Apr 2022,Thu 11:41:14 statis.py[line:26 ] INFO barpet: 213
07 Apr 2022,Thu 11:41:26 statis.py[line:26 ] INFO bcnher: 3389
07 Apr 2022,Thu 11:41:28 statis.py[line:26 ] INFO belkin1: 915
07 Apr 2022,Thu 11:41:29 statis.py[line:26 ] INFO bkbplo: 1260
07 Apr 2022,Thu 11:41:29 statis.py[line:26 ] INFO bknsti: 1383
07 Apr 2022,Thu 11:41:29 statis.py[line:26 ] INFO bkwpet: 120
07 Apr 2022,Thu 11:41:29 statis.py[line:26 ] INFO blkfra: 570
07 Apr 2022,Thu 11:41:29 statis.py[line:26 ] INFO blknod: 111
07 Apr 2022,Thu 11:41:29 statis.py[line:26 ] INFO bongul: 470
07 Apr 2022,Thu 11:41:29 statis.py[line:26 ] INFO brant: 1021
07 Apr 2022,Thu 11:41:29 statis.py[line:26 ] INFO brnboo: 102
07 Apr 2022,Thu 11:41:29 statis.py[line:26 ] INFO brnnod: 66
07 Apr 2022,Thu 11:41:36 statis.py[line:26 ] INFO brnowl: 5593
07 Apr 2022,Thu 11:41:36 statis.py[line:26 ] INFO brtcur: 111
07 Apr 2022,Thu 11:41:36 statis.py[line:26 ] INFO bubsan: 10
07 Apr 2022,Thu 11:41:36 statis.py[line:26 ] INFO buffle: 112
07 Apr 2022,Thu 11:41:36 statis.py[line:26 ] INFO bulpet: 70
07 Apr 2022,Thu 11:41:36 statis.py[line:26 ] INFO burpar: 146
07 Apr 2022,Thu 11:41:38 statis.py[line:26 ] INFO buwtea: 300
07 Apr 2022,Thu 11:41:40 statis.py[line:26 ] INFO cacgoo1: 386
07 Apr 2022,Thu 11:41:48 statis.py[line:26 ] INFO calqua: 2238
07 Apr 2022,Thu 11:42:02 statis.py[line:26 ] INFO cangoo: 3106
07 Apr 2022,Thu 11:42:02 statis.py[line:26 ] INFO canvas: 119
07 Apr 2022,Thu 11:42:07 statis.py[line:26 ] INFO caster1: 1293
07 Apr 2022,Thu 11:42:12 statis.py[line:26 ] INFO categr: 1287
07 Apr 2022,Thu 11:42:12 statis.py[line:26 ] INFO chbsan: 72
07 Apr 2022,Thu 11:42:12 statis.py[line:26 ] INFO chemun: 36
07 Apr 2022,Thu 11:42:12 statis.py[line:26 ] INFO chukar: 289
07 Apr 2022,Thu 11:42:12 statis.py[line:26 ] INFO cintea: 117
07 Apr 2022,Thu 11:42:13 statis.py[line:26 ] INFO comgal1: 1487
07 Apr 2022,Thu 11:42:17 statis.py[line:26 ] INFO commyn: 6178
07 Apr 2022,Thu 11:42:18 statis.py[line:26 ] INFO compea: 282
07 Apr 2022,Thu 11:42:21 statis.py[line:26 ] INFO comsan: 3690
07 Apr 2022,Thu 11:42:22 statis.py[line:26 ] INFO comwax: 2220
07 Apr 2022,Thu 11:42:22 statis.py[line:26 ] INFO coopet: 7
07 Apr 2022,Thu 11:42:22 statis.py[line:26 ] INFO crehon: 25
07 Apr 2022,Thu 11:42:26 statis.py[line:26 ] INFO dunlin: 3559
07 Apr 2022,Thu 11:42:26 statis.py[line:26 ] INFO elepai: 146
07 Apr 2022,Thu 11:42:26 statis.py[line:26 ] INFO ercfra: 19
07 Apr 2022,Thu 11:42:27 statis.py[line:26 ] INFO eurwig: 2155
07 Apr 2022,Thu 11:42:27 statis.py[line:26 ] INFO fragul: 215
07 Apr 2022,Thu 11:42:29 statis.py[line:26 ] INFO gadwal: 1392
07 Apr 2022,Thu 11:42:32 statis.py[line:26 ] INFO gamqua: 2197
07 Apr 2022,Thu 11:42:32 statis.py[line:26 ] INFO glwgul: 318
07 Apr 2022,Thu 11:42:35 statis.py[line:26 ] INFO gnwtea: 2754
07 Apr 2022,Thu 11:42:35 statis.py[line:26 ] INFO golphe: 99
07 Apr 2022,Thu 11:42:37 statis.py[line:26 ] INFO grbher3: 785
07 Apr 2022,Thu 11:42:37 statis.py[line:26 ] INFO grefri: 142
07 Apr 2022,Thu 11:42:37 statis.py[line:26 ] INFO gresca: 151
07 Apr 2022,Thu 11:42:37 statis.py[line:26 ] INFO gryfra: 221
07 Apr 2022,Thu 11:42:41 statis.py[line:26 ] INFO gwfgoo: 2041
07 Apr 2022,Thu 11:42:41 statis.py[line:26 ] INFO hawama: 164
07 Apr 2022,Thu 11:42:42 statis.py[line:26 ] INFO hawcoo: 67
07 Apr 2022,Thu 11:42:42 statis.py[line:26 ] INFO hawcre: 506
07 Apr 2022,Thu 11:42:42 statis.py[line:26 ] INFO hawgoo: 52
07 Apr 2022,Thu 11:42:42 statis.py[line:26 ] INFO hawhaw: 57
07 Apr 2022,Thu 11:42:42 statis.py[line:26 ] INFO hawpet1: 35
07 Apr 2022,Thu 11:42:42 statis.py[line:26 ] INFO hoomer: 184
07 Apr 2022,Thu 11:42:42 statis.py[line:26 ] INFO houfin: 3648
07 Apr 2022,Thu 11:42:44 statis.py[line:26 ] INFO houspa: 8075
07 Apr 2022,Thu 11:42:44 statis.py[line:26 ] INFO hudgod: 51
07 Apr 2022,Thu 11:42:44 statis.py[line:26 ] INFO iiwi: 460
07 Apr 2022,Thu 11:42:44 statis.py[line:26 ] INFO incter1: 91
07 Apr 2022,Thu 11:42:44 statis.py[line:26 ] INFO jabwar: 899
07 Apr 2022,Thu 11:42:45 statis.py[line:26 ] INFO japqua: 342
07 Apr 2022,Thu 11:42:45 statis.py[line:26 ] INFO kalphe: 138
07 Apr 2022,Thu 11:42:45 statis.py[line:26 ] INFO kauama: 59
07 Apr 2022,Thu 11:42:45 statis.py[line:26 ] INFO laugul: 519
07 Apr 2022,Thu 11:42:45 statis.py[line:26 ] INFO layalb: 9
07 Apr 2022,Thu 11:42:45 statis.py[line:26 ] INFO lcspet: 204
07 Apr 2022,Thu 11:42:45 statis.py[line:26 ] INFO leasan: 394
07 Apr 2022,Thu 11:42:45 statis.py[line:26 ] INFO leater1: 661
07 Apr 2022,Thu 11:42:45 statis.py[line:26 ] INFO lessca: 38
07 Apr 2022,Thu 11:42:45 statis.py[line:26 ] INFO lesyel: 861
07 Apr 2022,Thu 11:42:45 statis.py[line:26 ] INFO lobdow: 483
07 Apr 2022,Thu 11:42:46 statis.py[line:26 ] INFO lotjae: 367
07 Apr 2022,Thu 11:42:46 statis.py[line:26 ] INFO madpet: 122
07 Apr 2022,Thu 11:42:46 statis.py[line:26 ] INFO magpet1: 401
07 Apr 2022,Thu 11:42:46 statis.py[line:26 ] INFO mallar3: 3913
07 Apr 2022,Thu 11:42:46 statis.py[line:26 ] INFO masboo: 146
07 Apr 2022,Thu 11:42:46 statis.py[line:26 ] INFO mauala: 19
07 Apr 2022,Thu 11:42:46 statis.py[line:26 ] INFO maupar: 51
07 Apr 2022,Thu 11:42:47 statis.py[line:26 ] INFO merlin: 745
07 Apr 2022,Thu 11:42:47 statis.py[line:26 ] INFO mitpar: 664
07 Apr 2022,Thu 11:42:48 statis.py[line:26 ] INFO moudov: 1912
07 Apr 2022,Thu 11:42:50 statis.py[line:26 ] INFO norcar: 6841
07 Apr 2022,Thu 11:42:50 statis.py[line:26 ] INFO norhar2: 265
07 Apr 2022,Thu 11:42:55 statis.py[line:26 ] INFO normoc: 10696
07 Apr 2022,Thu 11:42:56 statis.py[line:26 ] INFO norpin: 588
07 Apr 2022,Thu 11:42:56 statis.py[line:26 ] INFO norsho: 719
07 Apr 2022,Thu 11:42:56 statis.py[line:26 ] INFO nutman: 543
07 Apr 2022,Thu 11:42:56 statis.py[line:26 ] INFO oahama: 73
07 Apr 2022,Thu 11:42:56 statis.py[line:26 ] INFO omao: 249
07 Apr 2022,Thu 11:42:57 statis.py[line:26 ] INFO osprey: 1986
07 Apr 2022,Thu 11:42:57 statis.py[line:26 ] INFO pagplo: 257
07 Apr 2022,Thu 11:42:57 statis.py[line:26 ] INFO palila: 51
07 Apr 2022,Thu 11:42:57 statis.py[line:26 ] INFO parjae: 396
07 Apr 2022,Thu 11:42:57 statis.py[line:26 ] INFO pecsan: 330
07 Apr 2022,Thu 11:42:59 statis.py[line:26 ] INFO peflov: 573
07 Apr 2022,Thu 11:42:59 statis.py[line:26 ] INFO perfal: 1601
07 Apr 2022,Thu 11:42:59 statis.py[line:26 ] INFO pibgre: 1984
07 Apr 2022,Thu 11:42:59 statis.py[line:26 ] INFO pomjae: 58
07 Apr 2022,Thu 11:42:59 statis.py[line:26 ] INFO puaioh: 10
07 Apr 2022,Thu 11:43:00 statis.py[line:26 ] INFO reccar: 318
07 Apr 2022,Thu 11:43:00 statis.py[line:26 ] INFO redava: 317
07 Apr 2022,Thu 11:43:00 statis.py[line:26 ] INFO redjun: 861
07 Apr 2022,Thu 11:43:00 statis.py[line:26 ] INFO redpha1: 376
07 Apr 2022,Thu 11:43:00 statis.py[line:26 ] INFO refboo: 230
07 Apr 2022,Thu 11:43:00 statis.py[line:26 ] INFO rempar: 296
07 Apr 2022,Thu 11:43:00 statis.py[line:26 ] INFO rettro: 291
07 Apr 2022,Thu 11:43:00 statis.py[line:26 ] INFO ribgul: 507
07 Apr 2022,Thu 11:43:00 statis.py[line:26 ] INFO rinduc: 164
07 Apr 2022,Thu 11:43:01 statis.py[line:26 ] INFO rinphe: 2139
07 Apr 2022,Thu 11:43:02 statis.py[line:26 ] INFO rocpig: 1331
07 Apr 2022,Thu 11:43:02 statis.py[line:26 ] INFO rorpar: 2613
07 Apr 2022,Thu 11:43:03 statis.py[line:26 ] INFO rudtur: 1510
07 Apr 2022,Thu 11:43:03 statis.py[line:26 ] INFO ruff: 143
07 Apr 2022,Thu 11:43:04 statis.py[line:26 ] INFO saffin: 1413
07 Apr 2022,Thu 11:43:04 statis.py[line:26 ] INFO sander: 515
07 Apr 2022,Thu 11:43:04 statis.py[line:26 ] INFO semplo: 433
07 Apr 2022,Thu 11:43:05 statis.py[line:26 ] INFO sheowl: 1064
07 Apr 2022,Thu 11:43:05 statis.py[line:26 ] INFO shtsan: 7
07 Apr 2022,Thu 11:43:06 statis.py[line:26 ] INFO skylar: 5894
07 Apr 2022,Thu 11:43:06 statis.py[line:26 ] INFO snogoo: 1619
07 Apr 2022,Thu 11:43:06 statis.py[line:26 ] INFO sooshe: 132
07 Apr 2022,Thu 11:43:06 statis.py[line:26 ] INFO sooter1: 109
07 Apr 2022,Thu 11:43:06 statis.py[line:26 ] INFO sopsku1: 51
07 Apr 2022,Thu 11:43:06 statis.py[line:26 ] INFO sora: 1346
07 Apr 2022,Thu 11:43:06 statis.py[line:26 ] INFO spodov: 841
07 Apr 2022,Thu 11:43:06 statis.py[line:26 ] INFO sposan: 749
07 Apr 2022,Thu 11:43:06 statis.py[line:26 ] INFO towsol: 1529
07 Apr 2022,Thu 11:43:07 statis.py[line:26 ] INFO wantat1: 87
07 Apr 2022,Thu 11:43:07 statis.py[line:26 ] INFO warwhe1: 584
07 Apr 2022,Thu 11:43:08 statis.py[line:26 ] INFO wesmea: 4826
07 Apr 2022,Thu 11:43:08 statis.py[line:26 ] INFO wessan: 264
07 Apr 2022,Thu 11:43:08 statis.py[line:26 ] INFO wetshe: 237
07 Apr 2022,Thu 11:43:08 statis.py[line:26 ] INFO whfibi: 242
07 Apr 2022,Thu 11:43:08 statis.py[line:26 ] INFO whiter: 152
07 Apr 2022,Thu 11:43:08 statis.py[line:26 ] INFO whttro: 125
07 Apr 2022,Thu 11:43:08 statis.py[line:26 ] INFO wiltur: 1274
07 Apr 2022,Thu 11:43:08 statis.py[line:26 ] INFO yebcar: 93
07 Apr 2022,Thu 11:43:08 statis.py[line:26 ] INFO yefcan: 506
07 Apr 2022,Thu 11:43:09 statis.py[line:26 ] INFO zebdov: 787
