07 Apr 2022,Thu 23:47:06 statis.py[line:24 ] INFO afrsil1: 109
07 Apr 2022,Thu 23:47:06 statis.py[line:24 ] INFO akekee: 65
07 Apr 2022,Thu 23:47:06 statis.py[line:24 ] INFO akepa1: 227
07 Apr 2022,Thu 23:47:06 statis.py[line:24 ] INFO akiapo: 154
07 Apr 2022,Thu 23:47:06 statis.py[line:24 ] INFO akikik: 21
07 Apr 2022,Thu 23:47:06 statis.py[line:24 ] INFO amewig: 244
07 Apr 2022,Thu 23:47:06 statis.py[line:24 ] INFO aniani: 77
07 Apr 2022,Thu 23:47:06 statis.py[line:24 ] INFO apapan: 411
07 Apr 2022,Thu 23:47:06 statis.py[line:24 ] INFO arcter: 1143
07 Apr 2022,Thu 23:47:06 statis.py[line:24 ] INFO barpet: 161
07 Apr 2022,Thu 23:47:06 statis.py[line:24 ] INFO bcnher: 1250
07 Apr 2022,Thu 23:47:06 statis.py[line:24 ] INFO belkin1: 741
07 Apr 2022,Thu 23:47:06 statis.py[line:24 ] INFO bkbplo: 683
07 Apr 2022,Thu 23:47:06 statis.py[line:24 ] INFO bknsti: 1091
07 Apr 2022,Thu 23:47:06 statis.py[line:24 ] INFO bkwpet: 104
07 Apr 2022,Thu 23:47:06 statis.py[line:24 ] INFO blkfra: 424
07 Apr 2022,Thu 23:47:06 statis.py[line:24 ] INFO blknod: 95
07 Apr 2022,Thu 23:47:06 statis.py[line:24 ] INFO bongul: 457
07 Apr 2022,Thu 23:47:06 statis.py[line:24 ] INFO brant: 687
07 Apr 2022,Thu 23:47:06 statis.py[line:24 ] INFO brnboo: 98
07 Apr 2022,Thu 23:47:06 statis.py[line:24 ] INFO brnnod: 64
07 Apr 2022,Thu 23:47:13 statis.py[line:24 ] INFO brnowl: 2652
07 Apr 2022,Thu 23:47:14 statis.py[line:24 ] INFO brtcur: 89
07 Apr 2022,Thu 23:47:14 statis.py[line:24 ] INFO bubsan: 10
07 Apr 2022,Thu 23:47:14 statis.py[line:24 ] INFO buffle: 112
07 Apr 2022,Thu 23:47:14 statis.py[line:24 ] INFO bulpet: 70
07 Apr 2022,Thu 23:47:14 statis.py[line:24 ] INFO burpar: 146
07 Apr 2022,Thu 23:47:14 statis.py[line:24 ] INFO buwtea: 294
07 Apr 2022,Thu 23:47:14 statis.py[line:24 ] INFO cacgoo1: 386
07 Apr 2022,Thu 23:47:20 statis.py[line:24 ] INFO calqua: 1568
07 Apr 2022,Thu 23:47:26 statis.py[line:24 ] INFO cangoo: 2244
07 Apr 2022,Thu 23:47:26 statis.py[line:24 ] INFO canvas: 93
07 Apr 2022,Thu 23:47:26 statis.py[line:24 ] INFO caster1: 952
07 Apr 2022,Thu 23:47:26 statis.py[line:24 ] INFO categr: 1161
07 Apr 2022,Thu 23:47:26 statis.py[line:24 ] INFO chbsan: 69
07 Apr 2022,Thu 23:47:26 statis.py[line:24 ] INFO chemun: 36
07 Apr 2022,Thu 23:47:26 statis.py[line:24 ] INFO chukar: 285
07 Apr 2022,Thu 23:47:26 statis.py[line:24 ] INFO cintea: 117
07 Apr 2022,Thu 23:47:26 statis.py[line:24 ] INFO comgal1: 1281
07 Apr 2022,Thu 23:47:26 statis.py[line:24 ] INFO commyn: 2831
07 Apr 2022,Thu 23:47:26 statis.py[line:24 ] INFO compea: 245
07 Apr 2022,Thu 23:47:28 statis.py[line:24 ] INFO comsan: 1768
07 Apr 2022,Thu 23:47:30 statis.py[line:24 ] INFO comwax: 1495
07 Apr 2022,Thu 23:47:30 statis.py[line:24 ] INFO coopet: 7
07 Apr 2022,Thu 23:47:30 statis.py[line:24 ] INFO crehon: 21
07 Apr 2022,Thu 23:47:36 statis.py[line:24 ] INFO dunlin: 1526
07 Apr 2022,Thu 23:47:37 statis.py[line:24 ] INFO elepai: 138
07 Apr 2022,Thu 23:47:37 statis.py[line:24 ] INFO ercfra: 19
07 Apr 2022,Thu 23:47:40 statis.py[line:24 ] INFO eurwig: 1020
07 Apr 2022,Thu 23:47:40 statis.py[line:24 ] INFO fragul: 215
07 Apr 2022,Thu 23:47:42 statis.py[line:24 ] INFO gadwal: 1011
07 Apr 2022,Thu 23:47:47 statis.py[line:24 ] INFO gamqua: 1910
07 Apr 2022,Thu 23:47:47 statis.py[line:24 ] INFO glwgul: 312
07 Apr 2022,Thu 23:47:52 statis.py[line:24 ] INFO gnwtea: 1589
07 Apr 2022,Thu 23:47:53 statis.py[line:24 ] INFO golphe: 95
07 Apr 2022,Thu 23:47:54 statis.py[line:24 ] INFO grbher3: 599
07 Apr 2022,Thu 23:47:54 statis.py[line:24 ] INFO grefri: 115
07 Apr 2022,Thu 23:47:55 statis.py[line:24 ] INFO gresca: 144
07 Apr 2022,Thu 23:47:55 statis.py[line:24 ] INFO gryfra: 221
07 Apr 2022,Thu 23:47:56 statis.py[line:24 ] INFO gwfgoo: 1318
07 Apr 2022,Thu 23:47:58 statis.py[line:24 ] INFO hawama: 147
07 Apr 2022,Thu 23:47:58 statis.py[line:24 ] INFO hawcoo: 61
07 Apr 2022,Thu 23:48:01 statis.py[line:24 ] INFO hawcre: 433
07 Apr 2022,Thu 23:48:02 statis.py[line:24 ] INFO hawgoo: 45
07 Apr 2022,Thu 23:48:03 statis.py[line:24 ] INFO hawhaw: 57
07 Apr 2022,Thu 23:48:03 statis.py[line:24 ] INFO hawpet1: 17
07 Apr 2022,Thu 23:48:04 statis.py[line:24 ] INFO hoomer: 172
07 Apr 2022,Thu 23:48:10 statis.py[line:24 ] INFO houfin: 2758
07 Apr 2022,Thu 23:48:14 statis.py[line:24 ] INFO houspa: 6096
07 Apr 2022,Thu 23:48:15 statis.py[line:24 ] INFO hudgod: 51
07 Apr 2022,Thu 23:48:16 statis.py[line:24 ] INFO iiwi: 389
07 Apr 2022,Thu 23:48:16 statis.py[line:24 ] INFO incter1: 46
07 Apr 2022,Thu 23:48:18 statis.py[line:24 ] INFO jabwar: 668
07 Apr 2022,Thu 23:48:19 statis.py[line:24 ] INFO japqua: 312
07 Apr 2022,Thu 23:48:20 statis.py[line:24 ] INFO kalphe: 110
07 Apr 2022,Thu 23:48:20 statis.py[line:24 ] INFO kauama: 51
07 Apr 2022,Thu 23:48:21 statis.py[line:24 ] INFO laugul: 500
07 Apr 2022,Thu 23:48:21 statis.py[line:24 ] INFO layalb: 7
07 Apr 2022,Thu 23:48:22 statis.py[line:24 ] INFO lcspet: 188
07 Apr 2022,Thu 23:48:22 statis.py[line:24 ] INFO leasan: 389
07 Apr 2022,Thu 23:48:23 statis.py[line:24 ] INFO leater1: 601
07 Apr 2022,Thu 23:48:23 statis.py[line:24 ] INFO lessca: 31
07 Apr 2022,Thu 23:48:26 statis.py[line:24 ] INFO lesyel: 767
07 Apr 2022,Thu 23:48:27 statis.py[line:24 ] INFO lobdow: 482
07 Apr 2022,Thu 23:48:28 statis.py[line:24 ] INFO lotjae: 361
07 Apr 2022,Thu 23:48:29 statis.py[line:24 ] INFO madpet: 58
07 Apr 2022,Thu 23:48:29 statis.py[line:24 ] INFO magpet1: 389
07 Apr 2022,Thu 23:48:34 statis.py[line:24 ] INFO mallar3: 2567
07 Apr 2022,Thu 23:48:36 statis.py[line:24 ] INFO masboo: 141
07 Apr 2022,Thu 23:48:36 statis.py[line:24 ] INFO mauala: 19
07 Apr 2022,Thu 23:48:37 statis.py[line:24 ] INFO maupar: 51
07 Apr 2022,Thu 23:48:38 statis.py[line:24 ] INFO merlin: 595
07 Apr 2022,Thu 23:48:39 statis.py[line:24 ] INFO mitpar: 609
07 Apr 2022,Thu 23:48:40 statis.py[line:24 ] INFO moudov: 1220
07 Apr 2022,Thu 23:48:41 statis.py[line:24 ] INFO none: 240
07 Apr 2022,Thu 23:48:45 statis.py[line:24 ] INFO norcar: 5429
07 Apr 2022,Thu 23:48:45 statis.py[line:24 ] INFO norhar2: 265
07 Apr 2022,Thu 23:49:19 statis.py[line:24 ] INFO normoc: 7554
07 Apr 2022,Thu 23:49:21 statis.py[line:24 ] INFO norpin: 354
07 Apr 2022,Thu 23:49:23 statis.py[line:24 ] INFO norsho: 577
07 Apr 2022,Thu 23:49:25 statis.py[line:24 ] INFO nutman: 379
07 Apr 2022,Thu 23:49:25 statis.py[line:24 ] INFO oahama: 73
07 Apr 2022,Thu 23:49:25 statis.py[line:24 ] INFO omao: 232
07 Apr 2022,Thu 23:49:31 statis.py[line:24 ] INFO osprey: 1579
07 Apr 2022,Thu 23:49:32 statis.py[line:24 ] INFO pagplo: 220
07 Apr 2022,Thu 23:49:32 statis.py[line:24 ] INFO palila: 46
07 Apr 2022,Thu 23:49:34 statis.py[line:24 ] INFO parjae: 394
07 Apr 2022,Thu 23:49:35 statis.py[line:24 ] INFO pecsan: 323
07 Apr 2022,Thu 23:49:46 statis.py[line:24 ] INFO peflov: 500
07 Apr 2022,Thu 23:49:53 statis.py[line:24 ] INFO perfal: 1172
07 Apr 2022,Thu 23:50:00 statis.py[line:24 ] INFO pibgre: 1732
07 Apr 2022,Thu 23:50:00 statis.py[line:24 ] INFO pomjae: 58
07 Apr 2022,Thu 23:50:00 statis.py[line:24 ] INFO puaioh: 10
07 Apr 2022,Thu 23:50:02 statis.py[line:24 ] INFO reccar: 316
07 Apr 2022,Thu 23:50:03 statis.py[line:24 ] INFO redava: 298
07 Apr 2022,Thu 23:50:08 statis.py[line:24 ] INFO redjun: 663
07 Apr 2022,Thu 23:50:10 statis.py[line:24 ] INFO redpha1: 376
07 Apr 2022,Thu 23:50:11 statis.py[line:24 ] INFO refboo: 218
07 Apr 2022,Thu 23:50:12 statis.py[line:24 ] INFO rempar: 296
07 Apr 2022,Thu 23:50:14 statis.py[line:24 ] INFO rettro: 269
07 Apr 2022,Thu 23:50:17 statis.py[line:24 ] INFO ribgul: 438
07 Apr 2022,Thu 23:50:17 statis.py[line:24 ] INFO rinduc: 161
07 Apr 2022,Thu 23:50:23 statis.py[line:24 ] INFO rinphe: 1520
07 Apr 2022,Thu 23:50:28 statis.py[line:24 ] INFO rocpig: 930
07 Apr 2022,Thu 23:50:42 statis.py[line:24 ] INFO rorpar: 2272
07 Apr 2022,Thu 23:50:46 statis.py[line:24 ] INFO rudtur: 949
07 Apr 2022,Thu 23:50:46 statis.py[line:24 ] INFO ruff: 123
07 Apr 2022,Thu 23:50:50 statis.py[line:24 ] INFO saffin: 1228
07 Apr 2022,Thu 23:50:53 statis.py[line:24 ] INFO sander: 348
07 Apr 2022,Thu 23:50:55 statis.py[line:24 ] INFO semplo: 433
07 Apr 2022,Thu 23:50:57 statis.py[line:24 ] INFO sheowl: 774
07 Apr 2022,Thu 23:50:57 statis.py[line:24 ] INFO shtsan: 7
07 Apr 2022,Thu 23:51:11 statis.py[line:24 ] INFO skylar: 5070
07 Apr 2022,Thu 23:51:16 statis.py[line:24 ] INFO snogoo: 1208
07 Apr 2022,Thu 23:51:16 statis.py[line:24 ] INFO sooshe: 109
07 Apr 2022,Thu 23:51:16 statis.py[line:24 ] INFO sooter1: 109
07 Apr 2022,Thu 23:51:16 statis.py[line:24 ] INFO sopsku1: 51
07 Apr 2022,Thu 23:51:21 statis.py[line:24 ] INFO sora: 1185
07 Apr 2022,Thu 23:51:24 statis.py[line:24 ] INFO spodov: 464
07 Apr 2022,Thu 23:51:26 statis.py[line:24 ] INFO sposan: 649
07 Apr 2022,Thu 23:51:31 statis.py[line:24 ] INFO towsol: 1119
07 Apr 2022,Thu 23:51:32 statis.py[line:24 ] INFO wantat1: 49
07 Apr 2022,Thu 23:51:35 statis.py[line:24 ] INFO warwhe1: 455
07 Apr 2022,Thu 23:51:53 statis.py[line:24 ] INFO wesmea: 3648
07 Apr 2022,Thu 23:51:54 statis.py[line:24 ] INFO wessan: 252
07 Apr 2022,Thu 23:51:54 statis.py[line:24 ] INFO wetshe: 163
07 Apr 2022,Thu 23:51:55 statis.py[line:24 ] INFO whfibi: 227
07 Apr 2022,Thu 23:51:56 statis.py[line:24 ] INFO whiter: 130
07 Apr 2022,Thu 23:51:56 statis.py[line:24 ] INFO whttro: 106
07 Apr 2022,Thu 23:52:00 statis.py[line:24 ] INFO wiltur: 883
07 Apr 2022,Thu 23:52:00 statis.py[line:24 ] INFO yebcar: 93
07 Apr 2022,Thu 23:52:03 statis.py[line:24 ] INFO yefcan: 448
07 Apr 2022,Thu 23:52:06 statis.py[line:24 ] INFO zebdov: 483
